[DEBUG] [2021-06-11 11:53] test01SelectMemberDetailById()
[DEBUG] [2021-06-11 11:53] ==>  Preparing: select member_id, member_pwd, member_name, gender, birthday, email, tel, zipCode, address, detail_address from memberDetail where member_id = ?
[DEBUG] [2021-06-11 11:53] ==> Parameters: aaa(String)
[TRACE] [2021-06-11 11:53] <==    Columns: member_id, member_pwd, member_name, gender, birthday, email, tel, zipCode, address, detail_address
[TRACE] [2021-06-11 11:53] <==        Row: aaa, rootroot, 테스트1, 1, 2021-06-10 16:29:54.0, test1@test.co.kr, 010-111-8888, 12345, 국채보상로 438, 서구 치과의원
[DEBUG] [2021-06-11 11:53] <==      Total: 1
[DEBUG] [2021-06-11 11:53] test02InsertMemberDetail()
[DEBUG] [2021-06-11 11:53] testUpdateMemberDetail()
[DEBUG] [2021-06-11 11:53] ==>  Preparing: update memberDetail set member_pwd=?, member_name=?, gender=?, birthday=?, email=?, tel=?, zipCode=?, address=?, detail_address=? WHERE member_id=?
[DEBUG] [2021-06-11 11:53] ==> Parameters: 11111211(String), 김예진(String), true(Boolean), 2021-06-11(LocalDate), test@gmail.com(String), 010-1234-5678(String), 12345(String), 대구(String), 상세주소(String), 22(String)
[DEBUG] [2021-06-11 11:53] <==    Updates: 1
[DEBUG] [2021-06-11 11:53] MemberDetail [memberId=22, memberPwd=11111211, memberName=김예진, gender=true, birthday=2021-06-11, email=test@gmail.com, tel=010-1234-5678, zipCode=12345, address=대구, detailAddress=상세주소]
[DEBUG] [2021-06-11 11:56] test01SelectMemberDetailById()
[DEBUG] [2021-06-11 11:56] ==>  Preparing: select member_id, member_pwd, member_name, gender, birthday, email, tel, zipCode, address, detail_address from memberDetail where member_id = ?
[DEBUG] [2021-06-11 11:56] ==> Parameters: aaa(String)
[TRACE] [2021-06-11 11:56] <==    Columns: member_id, member_pwd, member_name, gender, birthday, email, tel, zipCode, address, detail_address
[TRACE] [2021-06-11 11:56] <==        Row: aaa, rootroot, 테스트1, 1, 2021-06-10 16:29:54.0, test1@test.co.kr, 010-111-8888, 12345, 국채보상로 438, 서구 치과의원
[DEBUG] [2021-06-11 11:56] <==      Total: 1
[DEBUG] [2021-06-11 11:56] test02InsertMemberDetail()
[DEBUG] [2021-06-11 11:56] testUpdateMemberDetail()
[DEBUG] [2021-06-11 11:56] ==>  Preparing: update memberDetail set member_pwd=?, member_name=?, gender=?, birthday=?, email=?, tel=?, zipCode=?, address=?, detail_address=? WHERE member_id=?
[DEBUG] [2021-06-11 11:56] ==> Parameters: 222222(String), 김예진(String), true(Boolean), 2021-06-11(LocalDate), test@gmail.com(String), 010-1234-5678(String), 12345(String), 대구(String), 상세주소(String), 22(String)
[DEBUG] [2021-06-11 11:56] <==    Updates: 1
[DEBUG] [2021-06-11 11:56] MemberDetail [memberId=22, memberPwd=222222, memberName=김예진, gender=true, birthday=2021-06-11, email=test@gmail.com, tel=010-1234-5678, zipCode=12345, address=대구, detailAddress=상세주소]
